[    0.000000] Initializing cgroup subsys cpuset
[    0.000000] Initializing cgroup subsys cpu
[    0.000000] Initializing cgroup subsys cpuacct
[    0.000000] Linux version 4.4.0-210-generic (buildd@lgw01-amd64-009) (gcc version 5.4.0 20160609 (Ubuntu 5.4.0-6ubuntu1~16.04.12) ) #242-Ubuntu SMP Fri Apr 16 09:57:56 UTC 2021 (Ubuntu 4.4.0-210.242-generic 4.4.262)
[    0.000000] Command line: BOOT_IMAGE=/boot/vmlinuz-4.4.0-210-generic root=LABEL=cloudimg-rootfs ro console=tty1 console=ttyS0
[    0.000000] KERNEL supported cpus:
[    0.000000]   Intel GenuineIntel
[    0.000000]   AMD AuthenticAMD
[    0.000000]   Centaur CentaurHauls
[    0.000000] x86/fpu: xstate_offset[2]:  576, xstate_sizes[2]:  256
[    0.000000] x86/fpu: Supporting XSAVE feature 0x01: 'x87 floating point registers'
[    0.000000] x86/fpu: Supporting XSAVE feature 0x02: 'SSE registers'
[    0.000000] x86/fpu: Supporting XSAVE feature 0x04: 'AVX registers'
[    0.000000] x86/fpu: Enabled xstate features 0x7, context size is 832 bytes, using 'standard' format.
[    0.000000] e820: BIOS-provided physical RAM map:
[    0.000000] BIOS-e820: [mem 0x0000000000000000-0x000000000009fbff] usable
[    0.000000] BIOS-e820: [mem 0x000000000009fc00-0x000000000009ffff] reserved
[    0.000000] BIOS-e820: [mem 0x00000000000f0000-0x00000000000fffff] reserved
[    0.000000] BIOS-e820: [mem 0x0000000000100000-0x000000003ffeffff] usable
[    0.000000] BIOS-e820: [mem 0x000000003fff0000-0x000000003fffffff] ACPI data
[    0.000000] BIOS-e820: [mem 0x00000000fec00000-0x00000000fec00fff] reserved
[    0.000000] BIOS-e820: [mem 0x00000000fee00000-0x00000000fee00fff] reserved
[    0.000000] BIOS-e820: [mem 0x00000000fffc0000-0x00000000ffffffff] reserved
[    0.000000] NX (Execute Disable) protection: active
[    0.000000] SMBIOS 2.5 present.
[    0.000000] Hypervisor detected: KVM
[    0.000000] Kernel/User page tables isolation: disabled
[    0.000000] e820: last_pfn = 0x3fff0 max_arch_pfn = 0x400000000
[    0.000000] MTRR: Disabled
[    0.000000] x86/PAT: MTRRs disabled, skipping PAT initialization too.
[    0.000000] CPU MTRRs all blank - virtualized system.
[    0.000000] x86/PAT: Configuration [0-7]: WB  WT  UC- UC  WB  WT  UC- UC  
[    0.000000] found SMP MP-table at [mem 0x0009fff0-0x0009ffff] mapped at [ffff88000009fff0]
[    0.000000] Scanning 1 areas for low memory corruption
[    0.000000] RAMDISK: [mem 0x362dc000-0x37165fff]
[    0.000000] ACPI: Early table checksum verification disabled
[    0.000000] ACPI: RSDP 0x00000000000E0000 000024 (v02 VBOX  )
[    0.000000] ACPI: XSDT 0x000000003FFF0030 00003C (v01 VBOX   VBOXXSDT 00000001 ASL  00000061)
[    0.000000] ACPI: FACP 0x000000003FFF00F0 0000F4 (v04 VBOX   VBOXFACP 00000001 ASL  00000061)
[    0.000000] ACPI: DSDT 0x000000003FFF0470 002325 (v02 VBOX   VBOXBIOS 00000002 INTL 20100528)
[    0.000000] ACPI: FACS 0x000000003FFF0200 000040
[    0.000000] ACPI: FACS 0x000000003FFF0200 000040
[    0.000000] ACPI: APIC 0x000000003FFF0240 00005C (v02 VBOX   VBOXAPIC 00000001 ASL  00000061)
[    0.000000] ACPI: SSDT 0x000000003FFF02A0 0001CC (v01 VBOX   VBOXCPUT 00000002 INTL 20100528)
[    0.000000] No NUMA configuration found
[    0.000000] Faking a node at [mem 0x0000000000000000-0x000000003ffeffff]
[    0.000000] NODE_DATA(0) allocated [mem 0x3ffeb000-0x3ffeffff]
[    0.000000] kvm-clock: Using msrs 4b564d01 and 4b564d00
[    0.000000] kvm-clock: cpu 0, msr 0:3ffe3001, primary cpu clock
[    0.000000] kvm-clock: using sched offset of 4549393160 cycles
[    0.000000] clocksource: kvm-clock: mask: 0xffffffffffffffff max_cycles: 0x1cd42e4dffb, max_idle_ns: 881590591483 ns
[    0.000000] Zone ranges:
[    0.000000]   DMA      [mem 0x0000000000001000-0x0000000000ffffff]
[    0.000000]   DMA32    [mem 0x0000000001000000-0x000000003ffeffff]
[    0.000000]   Normal   empty
[    0.000000]   Device   empty
[    0.000000] Movable zone start for each node
[    0.000000] Early memory node ranges
[    0.000000]   node   0: [mem 0x0000000000001000-0x000000000009efff]
[    0.000000]   node   0: [mem 0x0000000000100000-0x000000003ffeffff]
[    0.000000] Initmem setup node 0 [mem 0x0000000000001000-0x000000003ffeffff]
[    0.000000] ACPI: PM-Timer IO Port: 0x4008
[    0.000000] IOAPIC[0]: apic_id 2, version 32, address 0xfec00000, GSI 0-23
[    0.000000] ACPI: INT_SRC_OVR (bus 0 bus_irq 0 global_irq 2 dfl dfl)
[    0.000000] ACPI: INT_SRC_OVR (bus 0 bus_irq 9 global_irq 9 low level)
[    0.000000] Using ACPI (MADT) for SMP configuration information
[    0.000000] smpboot: Allowing 2 CPUs, 0 hotplug CPUs
[    0.000000] PM: Registered nosave memory: [mem 0x00000000-0x00000fff]
[    0.000000] PM: Registered nosave memory: [mem 0x0009f000-0x0009ffff]
[    0.000000] PM: Registered nosave memory: [mem 0x000a0000-0x000effff]
[    0.000000] PM: Registered nosave memory: [mem 0x000f0000-0x000fffff]
[    0.000000] e820: [mem 0x40000000-0xfebfffff] available for PCI devices
[    0.000000] Booting paravirtualized kernel on KVM
[    0.000000] clocksource: refined-jiffies: mask: 0xffffffff max_cycles: 0xffffffff, max_idle_ns: 7645519600211568 ns
[    0.000000] setup_percpu: NR_CPUS:512 nr_cpumask_bits:512 nr_cpu_ids:2 nr_node_ids:1
[    0.000000] PERCPU: Embedded 33 pages/cpu @ffff88003fc00000 s95192 r8192 d31784 u1048576
[    0.000000] Built 1 zonelists in Node order, mobility grouping on.  Total pages: 257912
[    0.000000] Policy zone: DMA32
[    0.000000] Kernel command line: BOOT_IMAGE=/boot/vmlinuz-4.4.0-210-generic root=LABEL=cloudimg-rootfs ro console=tty1 console=ttyS0
[    0.000000] PID hash table entries: 4096 (order: 3, 32768 bytes)
[    0.000000] Memory: 997792K/1048120K available (8644K kernel code, 1332K rwdata, 4044K rodata, 1492K init, 1164K bss, 50328K reserved, 0K cma-reserved)
[    0.000000] SLUB: HWalign=64, Order=0-3, MinObjects=0, CPUs=2, Nodes=1
[    0.000000] Hierarchical RCU implementation.
[    0.000000] 	Build-time adjustment of leaf fanout to 64.
[    0.000000] 	RCU restricting CPUs from NR_CPUS=512 to nr_cpu_ids=2.
[    0.000000] RCU: Adjusting geometry for rcu_fanout_leaf=64, nr_cpu_ids=2
[    0.000000] NR_IRQS:33024 nr_irqs:440 16
[    0.000000] Console: colour VGA+ 80x25
[    0.000000] console [tty1] enabled
[    0.000000] console [ttyS0] enabled
[    0.000000] tsc: Detected 2803.200 MHz processor
[    0.363934] Calibrating delay loop (skipped) preset value.. 5606.40 BogoMIPS (lpj=11212800)
[    0.367227] pid_max: default: 32768 minimum: 301
[    0.369748] ACPI: Core revision 20150930
[    0.374864] ACPI: 2 ACPI AML tables successfully acquired and loaded
[    0.378644] Security Framework initialized
[    0.380816] Yama: becoming mindful.
[    0.383551] AppArmor: AppArmor initialized
[    0.385374] Dentry cache hash table entries: 131072 (order: 8, 1048576 bytes)
[    0.391235] Inode-cache hash table entries: 65536 (order: 7, 524288 bytes)
[    0.406482] Mount-cache hash table entries: 2048 (order: 2, 16384 bytes)
[    0.409066] Mountpoint-cache hash table entries: 2048 (order: 2, 16384 bytes)
[    0.412798] Initializing cgroup subsys io
[    0.416466] Initializing cgroup subsys memory
[    0.420004] Initializing cgroup subsys devices
[    0.424033] Initializing cgroup subsys freezer
[    0.426422] Initializing cgroup subsys net_cls
[    0.427755] Initializing cgroup subsys perf_event
[    0.431297] Initializing cgroup subsys net_prio
[    0.432582] Initializing cgroup subsys hugetlb
[    0.433893] Initializing cgroup subsys pids
[    0.440897] mce: CPU supports 0 MCE banks
[    0.444056] Last level iTLB entries: 4KB 0, 2MB 0, 4MB 0
[    0.447139] Last level dTLB entries: 4KB 0, 2MB 0, 4MB 0, 1GB 0
[    0.450316] Spectre V1 : Mitigation: usercopy/swapgs barriers and __user pointer sanitization
[    0.455295] Spectre V2 : Mitigation: Full generic retpoline
[    0.458720] Spectre V2 : Spectre v2 / SpectreRSB mitigation: Filling RSB on context switch
[    0.464835] Speculative Store Bypass: Vulnerable
[    0.476332] Freeing SMP alternatives memory: 36K
[    0.505431] ftrace: allocating 32380 entries in 127 pages
[    0.715626] smpboot: APIC(0) Converting physical 0 to logical package 0
[    0.720548] smpboot: Max logical packages: 1
[    0.724502] x2apic enabled
[    0.726582] Switched APIC routing to physical x2apic.
[    0.733702] ..TIMER: vector=0x30 apic1=0 pin1=2 apic2=-1 pin2=-1
[    0.845577] smpboot: CPU0: 11th Gen Intel(R) Core(TM) i7-1165G7 @ 2.80GHz (family: 0x6, model: 0x8c, stepping: 0x1)
[    0.852499] Performance Events: unsupported p6 CPU model 140 no PMU driver, software events only.
[    0.886199] KVM setup paravirtual spinlock
[    0.889901] x86: Booting SMP configuration:
[    0.892834] .... node  #0, CPUs:      #1
[    0.896597] kvm-clock: cpu 1, msr 0:3ffe3041, secondary cpu clock
[    0.906210] mce: CPU supports 0 MCE banks
[    0.909082] x86: Booted up 1 node, 2 CPUs
[    0.911497] smpboot: Total of 2 processors activated (11212.80 BogoMIPS)
[    0.918060] devtmpfs: initialized
[    0.924100] evm: security.selinux
[    0.926093] evm: security.SMACK64
[    0.928112] evm: security.SMACK64EXEC
[    0.930253] evm: security.SMACK64TRANSMUTE
[    0.932468] evm: security.SMACK64MMAP
[    0.934654] evm: security.ima
[    0.935890] evm: security.capability
[    0.937345] clocksource: jiffies: mask: 0xffffffff max_cycles: 0xffffffff, max_idle_ns: 7645041785100000 ns
[    0.940319] futex hash table entries: 512 (order: 3, 32768 bytes)
[    0.942074] pinctrl core: initialized pinctrl subsystem
[    0.945202] RTC time:  1:25:08, date: 11/08/21
[    0.956659] NET: Registered protocol family 16
[    0.971547] cpuidle: using governor ladder
[    0.984279] cpuidle: using governor menu
[    0.986095] PCCT header not found.
[    0.988733] ACPI: bus type PCI registered
[    0.991575] acpiphp: ACPI Hot Plug PCI Controller Driver version: 0.5
[    0.995218] PCI: Using configuration type 1 for base access
[    1.013603] ACPI: Added _OSI(Module Device)
[    1.015972] ACPI: Added _OSI(Processor Device)
[    1.018980] ACPI: Added _OSI(3.0 _SCP Extensions)
[    1.021173] ACPI: Added _OSI(Processor Aggregator Device)
[    1.025746] ACPI: Executed 1 blocks of module-level executable AML code
[    1.033918] ACPI: Interpreter enabled
[    1.037379] ACPI: (supports S0 S5)
[    1.039926] ACPI: Using IOAPIC for interrupt routing
[    1.043106] PCI: Using host bridge windows from ACPI; if necessary, use "pci=nocrs" and report a bug
[    1.058790] ACPI: PCI Root Bridge [PCI0] (domain 0000 [bus 00-ff])
[    1.060935] acpi PNP0A03:00: _OSC: OS supports [ASPM ClockPM Segments MSI]
[    1.065298] acpi PNP0A03:00: _OSC: not requesting OS control; OS requires [ExtendedConfig ASPM ClockPM MSI]
[    1.068371] acpi PNP0A03:00: fail to add MMCONFIG information, can't access extended PCI configuration space under this bridge.
[    1.074084] PCI host bridge to bus 0000:00
[    1.076516] pci_bus 0000:00: root bus resource [io  0x0000-0x0cf7 window]
[    1.079708] pci_bus 0000:00: root bus resource [io  0x0d00-0xffff window]
[    1.082844] pci_bus 0000:00: root bus resource [mem 0x000a0000-0x000bffff window]
[    1.087062] pci_bus 0000:00: root bus resource [mem 0x40000000-0xfdffffff window]
[    1.090652] pci_bus 0000:00: root bus resource [bus 00-ff]
[    1.098401] pci 0000:00:01.1: legacy IDE quirk: reg 0x10: [io  0x01f0-0x01f7]
[    1.100535] pci 0000:00:01.1: legacy IDE quirk: reg 0x14: [io  0x03f6]
[    1.103168] pci 0000:00:01.1: legacy IDE quirk: reg 0x18: [io  0x0170-0x0177]
[    1.106501] pci 0000:00:01.1: legacy IDE quirk: reg 0x1c: [io  0x0376]
[    1.138318] pci 0000:00:07.0: quirk: [io  0x4000-0x403f] claimed by PIIX4 ACPI
[    1.171203] pci 0000:00:07.0: quirk: [io  0x4100-0x410f] claimed by PIIX4 SMB
[    1.196439] ACPI: PCI Interrupt Link [LNKA] (IRQs 5 9 10 *11)
[    1.201119] ACPI: PCI Interrupt Link [LNKB] (IRQs 5 9 *10 11)
[    1.205355] ACPI: PCI Interrupt Link [LNKC] (IRQs 5 *9 10 11)
[    1.209697] ACPI: PCI Interrupt Link [LNKD] (IRQs 5 9 10 *11)
[    1.213220] ACPI: Enabled 2 GPEs in block 00 to 07
[    1.216964] vgaarb: setting as boot device: PCI:0000:00:02.0
[    1.219414] vgaarb: device added: PCI:0000:00:02.0,decodes=io+mem,owns=io+mem,locks=none
[    1.222477] vgaarb: loaded
[    1.224249] vgaarb: bridge control possible 0000:00:02.0
[    1.226422] SCSI subsystem initialized
[    1.229189] ACPI: bus type USB registered
[    1.231220] usbcore: registered new interface driver usbfs
[    1.232868] usbcore: registered new interface driver hub
[    1.236164] usbcore: registered new device driver usb
[    1.240689] PCI: Using ACPI for IRQ routing
[    1.245365] NetLabel: Initializing
[    1.248524] NetLabel:  domain hash size = 128
[    1.252467] NetLabel:  protocols = UNLABELED CIPSOv4
[    1.255943] NetLabel:  unlabeled traffic allowed by default
[    1.260043] amd_nb: Cannot enumerate AMD northbridges
[    1.262611] clocksource: Switched to clocksource kvm-clock
[    1.303474] AppArmor: AppArmor Filesystem Enabled
[    1.307837] pnp: PnP ACPI init
[    1.312331] pnp: PnP ACPI: found 3 devices
[    1.334559] clocksource: acpi_pm: mask: 0xffffff max_cycles: 0xffffff, max_idle_ns: 2085701024 ns
[    1.340436] NET: Registered protocol family 2
[    1.344117] TCP established hash table entries: 8192 (order: 4, 65536 bytes)
[    1.348091] TCP bind hash table entries: 8192 (order: 5, 131072 bytes)
[    1.350605] TCP: Hash tables configured (established 8192 bind 8192)
[    1.353477] UDP hash table entries: 512 (order: 2, 16384 bytes)
[    1.356572] UDP-Lite hash table entries: 512 (order: 2, 16384 bytes)
[    1.359871] NET: Registered protocol family 1
[    1.362147] pci 0000:00:00.0: Limiting direct PCI/PCI transfers
[    1.365373] pci 0000:00:01.0: Activating ISA DMA hang workarounds
[    1.379834] Unpacking initramfs...
[    2.065613] Freeing initrd memory: 14888K
[    2.066954] clocksource: tsc: mask: 0xffffffffffffffff max_cycles: 0x28680fa287f, max_idle_ns: 440795281151 ns
[    2.072125] platform rtc_cmos: registered platform RTC device (no PNP device found)
[    2.076162] Scanning for low memory corruption every 60 seconds
[    2.080196] audit: initializing netlink subsys (disabled)
[    2.081776] audit: type=2000 audit(1636334715.476:1): initialized
[    2.085662] Initialise system trusted keyring
[    2.088648] HugeTLB registered 2 MB page size, pre-allocated 0 pages
[    2.095094] zbud: loaded
[    2.098010] VFS: Disk quotas dquot_6.6.0
[    2.099702] VFS: Dquot-cache hash table entries: 512 (order 0, 4096 bytes)
[    2.104383] squashfs: version 4.0 (2009/01/31) Phillip Lougher
[    2.107498] fuse init (API version 7.23)
[    2.120428] Key type big_key registered
[    2.123028] Allocating IMA MOK and blacklist keyrings.
[    2.131202] Key type asymmetric registered
[    2.139845] Asymmetric key parser 'x509' registered
[    2.143417] Block layer SCSI generic (bsg) driver version 0.4 loaded (major 249)
[    2.146936] io scheduler noop registered
[    2.148427] io scheduler deadline registered (default)
[    2.150997] io scheduler cfq registered
[    2.152907] pci_hotplug: PCI Hot Plug PCI Core version: 0.5
[    2.156521] pciehp: PCI Express Hot Plug Controller Driver version: 0.4
[    2.160736] ACPI: AC Adapter [AC] (off-line)
[    2.163232] input: Power Button as /devices/LNXSYSTM:00/LNXPWRBN:00/input/input0
[    2.167544] ACPI: Power Button [PWRF]
[    2.169895] input: Sleep Button as /devices/LNXSYSTM:00/LNXSLPBN:00/input/input1
[    2.173274] ACPI: Sleep Button [SLPF]
[    2.174890] GHES: HEST is not enabled!
[    2.175679] ACPI: Battery Slot [BAT0] (battery present)
[    2.178356] Serial: 8250/16550 driver, 32 ports, IRQ sharing enabled
[    2.201710] 00:02: ttyS0 at I/O 0x3f8 (irq = 4, base_baud = 115200) is a 16550A
[    2.215338] Linux agpgart interface v0.103
[    2.223796] loop: module loaded
[    2.227993] scsi host0: ata_piix
[    2.231317] scsi host1: ata_piix
[    2.232815] ata1: PATA max UDMA/33 cmd 0x1f0 ctl 0x3f6 bmdma 0xd000 irq 14
[    2.237006] ata2: PATA max UDMA/33 cmd 0x170 ctl 0x376 bmdma 0xd008 irq 15
[    2.240704] libphy: Fixed MDIO Bus: probed
[    2.243053] tun: Universal TUN/TAP device driver, 1.6
[    2.245774] tun: (C) 1999-2004 Max Krasnyansky <maxk@qualcomm.com>
[    2.248628] PPP generic driver version 2.4.2
[    2.249956] ehci_hcd: USB 2.0 'Enhanced' Host Controller (EHCI) Driver
[    2.252999] ehci-pci: EHCI PCI platform driver
[    2.255381] ehci-platform: EHCI generic platform driver
[    2.258211] ohci_hcd: USB 1.1 'Open' Host Controller (OHCI) Driver
[    2.260317] ohci-pci: OHCI PCI platform driver
[    2.263203] ohci-platform: OHCI generic platform driver
[    2.266089] uhci_hcd: USB Universal Host Controller Interface driver
[    2.267798] i8042: PNP: PS/2 Controller [PNP0303:PS2K,PNP0f03:PS2M] at 0x60,0x64 irq 1,12
[    2.272054] serio: i8042 KBD port at 0x60,0x64 irq 1
[    2.273542] serio: i8042 AUX port at 0x60,0x64 irq 12
[    2.276110] mousedev: PS/2 mouse device common for all mice
[    2.278589] input: AT Translated Set 2 keyboard as /devices/platform/i8042/serio0/input/input2
[    2.283112] rtc_cmos rtc_cmos: rtc core: registered rtc_cmos as rtc0
[    2.285998] rtc_cmos rtc_cmos: alarms up to one day, 114 bytes nvram
[    2.290464] i2c /dev entries driver
[    2.293987] device-mapper: uevent: version 1.0.3
[    2.297548] device-mapper: ioctl: 4.34.0-ioctl (2015-10-28) initialised: dm-devel@redhat.com
[    2.303278] ledtrig-cpu: registered to indicate activity on CPUs
[    2.306031] NET: Registered protocol family 10
[    2.308851] NET: Registered protocol family 17
[    2.311341] Key type dns_resolver registered
[    2.316092] registered taskstats version 1
[    2.318444] Loading compiled-in X.509 certificates
[    2.322940] Loaded X.509 cert 'Build time autogenerated kernel key: cf00e047681d67edb2720680708b7d9498083038'
[    2.327411] zswap: loaded using pool lzo/zbud
[    2.334602] Key type trusted registered
[    2.344981] Key type encrypted registered
[    2.347264] AppArmor: AppArmor sha1 policy hashing enabled
[    2.351966] ima: No TPM chip found, activating TPM-bypass!
[    2.355488] ima: Allocated hash algorithm: sha1
[    2.358293] evm: HMAC attrs: 0x1
[    2.361913]   Magic number: 13:109:407
[    2.364263] platform ACPI0003:00: hash matches
[    2.367012] ac ACPI0003:00: hash matches
[    2.369549] rtc_cmos rtc_cmos: setting system clock to 2021-11-08 01:25:09 UTC (1636334709)
[    2.374680] BIOS EDD facility v0.16 2004-Jun-25, 0 devices found
[    2.377591] EDD information not available.
[    2.427166] Freeing unused kernel memory: 1492K
[    2.429696] Write protecting the kernel read-only data: 14336k
[    2.433620] Freeing unused kernel memory: 1584K
[    2.436402] Freeing unused kernel memory: 52K
Loading, please wait...
starting version 229
[    2.468845] random: systemd-udevd: uninitialized urandom read (16 bytes read, 5 bits of entropy available)
[    2.470610] random: udevadm: uninitialized urandom read (16 bytes read, 5 bits of entropy available)
[    2.470750] random: udevadm: uninitialized urandom read (16 bytes read, 5 bits of entropy available)
[    2.489959] random: systemd-udevd: uninitialized urandom read (16 bytes read, 5 bits of entropy available)
[    2.494979] random: udevadm: uninitialized urandom read (16 bytes read, 5 bits of entropy available)
[    2.495155] random: udevadm: uninitialized urandom read (16 bytes read, 5 bits of entropy available)
[    2.495654] random: udevadm: uninitialized urandom read (16 bytes read, 5 bits of entropy available)
[    2.495825] random: udevadm: uninitialized urandom read (16 bytes read, 5 bits of entropy available)
[    2.496052] random: udevadm: uninitialized urandom read (16 bytes read, 5 bits of entropy available)
[    2.496221] random: udevadm: uninitialized urandom read (16 bytes read, 5 bits of entropy available)
[    2.604469] e1000: Intel(R) PRO/1000 Network Driver - version 7.3.21-k8-NAPI
[    2.610325] e1000: Copyright (c) 1999-2006 Intel Corporation.
[    2.623057] Fusion MPT base driver 3.04.20
[    2.625978] Copyright (c) 1999-2008 LSI Corporation
[    2.688154] AVX2 version of gcm_enc/dec engaged.
[    2.692129] AES CTR mode by8 optimization enabled
[    2.734609] Fusion MPT SPI Host driver 3.04.20
[    2.891611] input: ImExPS/2 Generic Explorer Mouse as /devices/platform/i8042/serio1/input/input4
[    3.190095] e1000 0000:00:03.0 eth0: (PCI:33MHz:32-bit) 02:be:82:6b:cc:1d
[    3.193941] e1000 0000:00:03.0 eth0: Intel(R) PRO/1000 Network Connection
[    3.666494] e1000 0000:00:08.0 eth1: (PCI:33MHz:32-bit) 08:00:27:be:19:ab
[    3.668777] e1000 0000:00:08.0 eth1: Intel(R) PRO/1000 Network Connection
[    3.673842] e1000 0000:00:08.0 enp0s8: renamed from eth1
[    3.676034] mptbase: ioc0: Initiating bringup
[    3.691783] e1000 0000:00:03.0 enp0s3: renamed from eth0
[    4.176162] ioc0: LSI53C1030 A0: Capabilities={Initiator}
[    5.549622] scsi host2: ioc0: LSI53C1030 A0, FwRev=00000000h, Ports=1, MaxQ=256, IRQ=20
[    7.196268] scsi 2:0:0:0: Direct-Access     VBOX     HARDDISK         1.0  PQ: 0 ANSI: 5
[    7.203235] scsi target2:0:0: Beginning Domain Validation
[    7.209590] scsi target2:0:0: Domain Validation skipping write tests
[    7.211221] scsi target2:0:0: Ending Domain Validation
[    7.212799] scsi target2:0:0: asynchronous
[    7.215816] scsi 2:0:1:0: Direct-Access     VBOX     HARDDISK         1.0  PQ: 0 ANSI: 5
[    7.245357] scsi target2:0:1: Beginning Domain Validation
[    7.252217] scsi target2:0:1: Domain Validation skipping write tests
[    7.255863] scsi target2:0:1: Ending Domain Validation
[    7.259098] scsi target2:0:1: asynchronous
[    7.275278] sd 2:0:0:0: [sda] 83886080 512-byte logical blocks: (42.9 GB/40.0 GiB)
[    7.275411] sd 2:0:0:0: Attached scsi generic sg0 type 0
[    7.276163] sd 2:0:1:0: Attached scsi generic sg1 type 0
[    7.276418] sd 2:0:1:0: [sdb] 20480 512-byte logical blocks: (10.5 MB/10.0 MiB)
[    7.276806] sd 2:0:1:0: [sdb] Write Protect is off
[    7.277062] sd 2:0:1:0: [sdb] Incomplete mode parameter data
[    7.277066] sd 2:0:1:0: [sdb] Assuming drive cache: write through
[    7.282786] sd 2:0:1:0: [sdb] Attached SCSI disk
[    7.303615] sd 2:0:0:0: [sda] Write Protect is off
[    7.305795] sd 2:0:0:0: [sda] Incomplete mode parameter data
[    7.307478] sd 2:0:0:0: [sda] Assuming drive cache: write through
[    7.312127]  sda: sda1
[    7.316016] sd 2:0:0:0: [sda] Attached SCSI disk
Begin: Loading essential drivers ... [    9.177456] md: linear personality registered for level -1
[    9.186721] md: multipath personality registered for level -4
[    9.196521] md: raid0 personality registered for level 0
[    9.209148] md: raid1 personality registered for level 1
[    9.286777] raid6: sse2x1   gen()  3931 MB/s
[    9.354709] raid6: sse2x1   xor()  3265 MB/s
[    9.422851] raid6: sse2x2   gen()  6295 MB/s
[    9.490813] raid6: sse2x2   xor()  3532 MB/s
[    9.558734] raid6: sse2x4   gen()  6542 MB/s
[    9.626752] raid6: sse2x4   xor()  4251 MB/s
[    9.694748] raid6: avx2x1   gen()  8120 MB/s
[    9.762826] raid6: avx2x2   gen()  9541 MB/s
[    9.830740] raid6: avx2x4   gen() 10319 MB/s
[    9.831997] raid6: using algorithm avx2x4 gen() 10319 MB/s
[    9.836439] raid6: using avx2x2 recovery algorithm
[    9.841354] xor: automatically using best checksumming function:
[    9.882738]    avx       :  8121.000 MB/sec
[    9.888954] async_tx: api initialized (async)
[    9.916500] md: raid6 personality registered for level 6
[    9.921320] md: raid5 personality registered for level 5
[    9.924836] md: raid4 personality registered for level 4
[    9.942198] md: raid10 personality registered for level 10
done.
Begin: Running /scripts/init-premount ... done.
Begin: Mounting root file system ... Begin: Running /scripts/local-top ... done.
Begin: Running /scripts/local-premount ... [   10.012190] Btrfs loaded
Scanning for Btrfs filesystems
done.
Warning: fsck not present, so skipping root file system
[   10.074376] EXT4-fs (sda1): mounted filesystem with ordered data mode. Opts: (null)
done.
Begin: Running /scripts/local-bottom ... done.
Begin: Running /scripts/init-bottom ... done.
[   10.257115] systemd[1]: systemd 229 running in system mode. (+PAM +AUDIT +SELINUX +IMA +APPARMOR +SMACK +SYSVINIT +UTMP +LIBCRYPTSETUP +GCRYPT +GNUTLS +ACL +XZ -LZ4 +SECCOMP +BLKID +ELFUTILS +KMOD -IDN)
[   10.265840] systemd[1]: Detected virtualization oracle.
[   10.268120] systemd[1]: Detected architecture x86-64.

Welcome to [1mUbuntu 16.04.7 LTS[0m!

[   10.276356] systemd[1]: Set hostname to <web01>.
[   10.640096] systemd[1]: Reached target User and Group Name Lookups.
[[0;32m  OK  [0m] Reached target User and Group Name Lookups.
[   10.643836] systemd[1]: Started Forward Password Requests to Wall Directory Watch.
[[0;32m  OK  [0m] Started Forward Password Requests to Wall Directory Watch.
[   10.648892] systemd[1]: Listening on Syslog Socket.
[[0;32m  OK  [0m] Listening on Syslog Socket.
[   10.652158] systemd[1]: Reached target Swap.
[[0;32m  OK  [0m] Reached target Swap.
[   11.074325] systemd[1]: Reached target System Time Synchronized.
[[0;32m  OK  [0m] Reached target System Time Synchronized.
[   11.080948] systemd[1]: Listening on Journal Audit Socket.
[[0;32m  OK  [0m] Listening on Journal Audit Socket.
[   11.085802] systemd[1]: Listening on fsck to fsckd communication Socket.
[[0;32m  OK  [0m] Listening on fsck to fsckd communication Socket.
[   11.093035] systemd[1]: Created slice User and Session Slice.
[[0;32m  OK  [0m] Created slice User and Session Slice.
[   11.098849] systemd[1]: Listening on udev Kernel Socket.
[[0;32m  OK  [0m] Listening on udev Kernel Socket.
[   11.103017] systemd[1]: Started Trigger resolvconf update for networkd DNS.
[[0;32m  OK  [0m] Started Trigger resolvconf update for networkd DNS.
[   11.441983] systemd[1]: Set up automount Arbitrary Executable File Formats File System Automount Point.
[[0;32m  OK  [0m] Set up automount Arbitrary Executab...ats File System Automount Point.
[   11.452366] systemd[1]: Listening on /dev/initctl Compatibility Named Pipe.
[[0;32m  OK  [0m] Listening on /dev/initctl Compatibility Named Pipe.
[   11.460205] systemd[1]: Listening on LVM2 metadata daemon socket.
[[0;32m  OK  [0m] Listening on LVM2 metadata daemon socket.
[   11.466763] systemd[1]: Listening on LVM2 poll daemon socket.
[[0;32m  OK  [0m] Listening on LVM2 poll daemon socket.
[   11.548785] systemd[1]: Listening on Journal Socket.
[[0;32m  OK  [0m] Listening on Journal Socket.
[   11.555693] systemd[1]: Reached target Encrypted Volumes.
[[0;32m  OK  [0m] Reached target Encrypted Volumes.
[   11.563435] systemd[1]: Created slice System Slice.
[[0;32m  OK  [0m] Created slice System Slice.
[   11.572155] systemd[1]: Created slice system-serial\x2dgetty.slice.
[[0;32m  OK  [0m] Created slice system-serial\x2dgetty.slice.
[   12.087697] systemd[1]: Starting File System Check on Root Device...
[   12.091223] random: nonblocking pool is initialized
         Starting File System Check on Root Device...
[   12.097488] systemd[1]: Mounting Debug File System...
         Mounting Debug File System...
[   12.103677] systemd[1]: Starting Set console keymap...
         Starting Set console keymap...
[   12.125136] systemd[1]: Starting Load Kernel Modules...
         Starting Load Kernel Modules...
[   12.163420] systemd[1]: Starting Create list of required static device nodes for the current kernel...
[   12.171076] Loading iSCSI transport class v2.0-870.
         Starting Create list of required st... nodes for the current kernel...
[   12.180825] systemd[1]: Starting Nameserver information manager...
         Starting Nameserver information manager...
[   12.186202] systemd[1]: Starting Uncomplicated firewall...
         Starting Uncomplicated firewall...
[   12.192763] systemd[1]: Reached target Slices.
[[0;32m  OK  [0m] Reached target Slices.
[   12.200169] iscsi: registered transport (tcp)
[   12.201425] systemd[1]: Mounting Huge Pages File System...
         Mounting Huge Pages File System...
[   12.211755] systemd[1]: Mounting POSIX Message Queue File System...
         Mounting POSIX Message Queue File System...
[   12.220162] systemd[1]: Listening on Device-mapper event daemon FIFOs.
[[0;32m  OK  [0m] Listening on Device-mapper event daemon FIFOs.
[   12.226330] systemd[1]: Starting Monitoring of LVM2 mirrors, snapshots etc. using dmeventd or progress polling...
         Starting Monitoring of LVM2 mirrors... dmeventd or progress polling...
[   12.240734] systemd[1]: Listening on udev Control Socket.
[[0;32m  OK  [0m] Listening on udev Control Socket.
[   12.248476] systemd[1]: Listening on Journal Socket (/dev/log).
[[0;32m  OK  [0m] Listening on Journal Socket (/dev/log).
[   12.259688] systemd[1]: Starting Journal Service...
         Starting Journal Service...
[   12.269640] systemd[1]: Mounted Huge Pages File System.
[[0;32m  OK  [0m] Mounted Huge Pages File System.
[   12.273613] systemd[1]: Mounted POSIX Message Queue File System.
[[0;32m  OK  [0m] Mounted POSIX Message Queue File System.
[   12.291954] systemd[1]: Mounted Debug File System.
[[0;32m  OK  [0m] Mounted Debug File System.
[   12.301352] systemd[1]: Started File System Check on Root Device.
[[0;32m  OK  [0m] Started File System Check on Root Device.
[   12.314350] systemd[1]: Started Create list of required static device nodes for the current kernel.
[[0;32m  OK  [0m] Started Create list of required sta...ce nodes for the current kernel.
[   12.349043] systemd[1]: Started Uncomplicated firewall.
[[0;32m  OK  [0m] Started Uncomplicated firewall.
[   12.365459] systemd[1]: Started Set console keymap.
[[0;32m  OK  [0m] Started Set console keymap.
[   12.386210] iscsi: registered transport (iser)
[   12.387183] systemd[1]: Started Nameserver information manager.
[[0;32m  OK  [0m] Started Nameserver information manager.
[   12.396823] systemd[1]: Started Load Kernel Modules.
[[0;32m  OK  [0m] Started Load Kernel Modules.
[   12.405545] systemd[1]: Started Journal Service.
[[0;32m  OK  [0m] Started Journal Service.
[[0;32m  OK  [0m] Started LVM2 metadata daemon.
[[0;32m  OK  [0m] Started File System Check Daemon to report status.
         Mounting FUSE Control File System...
         Starting Apply Kernel Variables...
         Starting Create Static Device Nodes in /dev...
         Starting Remount Root and Kernel File Systems...
[[0;32m  OK  [0m] Mounted FUSE Control File System.
[[0;32m  OK  [0m] Started Apply Kernel Variables.
[[0;32m  OK  [0m] Started Create Static Device Nodes in /dev.
[[0;32m  OK  [0m] Started Remount Root and Kernel File Systems.
         Starting udev Coldplug all Devices...
         Starting Flush Journal to Persistent Storage...
         Starting Load/Save Random Seed...
         Starting udev Kernel Device Manager...
[[0;32m  OK  [0m] Started Load/Save Random Seed.
[[0;32m  OK  [0m] Started Flush Journal to Persistent Storage.
[[0;32m  OK  [0m] Started udev Kernel Device Manager.
[[0;32m  OK  [0m] Started udev Coldplug all Devices.
[[0;32m  OK  [0m] Started Dispatch Password Requests to Console Directory Watch.
[[0;32m  OK  [0m] Started Monitoring of LVM2 mirrors,...ng dmeventd or progress polling.
[[0;32m  OK  [0m] Reached target Local File Systems (Pre).
[[0;32m  OK  [0m] Reached target Local File Systems.
         Starting LSB: AppArmor initialization...
         Starting Tell Plymouth To Write Out Runtime Data...
         Starting Set console font and keymap...
         Starting Initial cloud-init job (pre-networking)...
         Starting Create Volatile Files and Directories...
[[0;32m  OK  [0m] Found device /dev/ttyS0.
[[0;32m  OK  [0m] Started Tell Plymouth To Write Out Runtime Data.
[[0;32m  OK  [0m] Started Create Volatile Files and Directories.
         Starting Update UTMP about System Boot/Shutdown...
[[0;32m  OK  [0m] Started Update UTMP about System Boot/Shutdown.
[[0;32m  OK  [0m] Listening on Load/Save RF Kill Switch Status /dev/rfkill Watch.
[[0;32m  OK  [0m] Started LSB: AppArmor initialization.
         Starting Load AppArmor profiles managed internally by snapd...
[[0;32m  OK  [0m] Started Load AppArmor profiles managed internally by snapd.
[[0;32m  OK  [0m] Found device 82540EM Gigabit Ethern...r (PRO/1000 MT Desktop Adapter).
[[0;32m  OK  [0m] Found device 82540EM Gigabit Ethern...r (PRO/1000 MT Desktop Adapter).
[   14.820567] cloud-init[513]: Cloud-init v. 21.1-19-gbad84ad4-0ubuntu1~16.04.2 running 'init-local' at Mon, 08 Nov 2021 01:25:21 +0000. Up 14.20 seconds.
[[0;32m  OK  [0m] Started Initial cloud-init job (pre-networking).
[[0;32m  OK  [0m] Reached target Network (Pre).
[[0;32m  OK  [0m] Started ifup for enp0s8.
[[0;32m  OK  [0m] Started ifup for enp0s3.
         Starting Raise network interfaces...
[[0;32m  OK  [0m] Started Set console font and keymap.
[[0;32m  OK  [0m] Created slice system-getty.slice.
[[0;32m  OK  [0m] Started Raise network interfaces.
[[0;32m  OK  [0m] Reached target Network.
         Starting Initial cloud-init job (metadata service crawler)...
[   17.178984] cloud-init[1083]: Cloud-init v. 21.1-19-gbad84ad4-0ubuntu1~16.04.2 running 'init' at Mon, 08 Nov 2021 01:25:24 +0000. Up 16.66 seconds.
[   17.183790] cloud-init[1083]: ci-info: ++++++++++++++++++++++++++++++++++++++Net device info+++++++++++++++++++++++++++++++++++++++
[   17.189501] cloud-init[1083]: ci-info: +--------+------+-----------------------------+---------------+--------+-------------------+
[   17.194308] cloud-init[1083]: ci-info: | Device |  Up  |           Address           |      Mask     | Scope  |     Hw-Address    |
[   17.199757] cloud-init[1083]: ci-info: +--------+------+-----------------------------+---------------+--------+-------------------+
[   17.203309] cloud-init[1083]: ci-info: | enp0s3 | True |          10.0.2.15          | 255.255.255.0 | global | 02:be:82:6b:cc:1d |
[   17.205881] cloud-init[1083]: ci-info: | enp0s3 | True |  fe80::be:82ff:fe6b:cc1d/64 |       .       |  link  | 02:be:82:6b:cc:1d |
[   17.210481] cloud-init[1083]: ci-info: | enp0s8 | True |        192.168.33.11        | 255.255.255.0 | global | 08:00:27:be:19:ab |
[   17.213185] cloud-init[1083]: ci-info: | enp0s8 | True | fe80::a00:27ff:febe:19ab/64 |       .       |  link  | 08:00:27:be:19:ab |
[   17.215312] cloud-init[1083]: ci-info: |   lo   | True |          127.0.0.1          |   255.0.0.0   |  host  |         .         |
[   17.217466] cloud-init[1083]: ci-info: |   lo   | True |           ::1/128           |       .       |  host  |         .         |
[   17.220529] cloud-init[1083]: ci-info: +--------+------+-----------------------------+---------------+--------+-------------------+
[   17.224076] cloud-init[1083]: ci-info: ++++++++++++++++++++++++++++Route IPv4 info++++++++++++++++++++++++++++
[   17.228563] cloud-init[1083]: ci-info: +-------+--------------+----------+---------------+-----------+-------+
[   17.232909] cloud-init[1083]: ci-info: | Route | Destination  | Gateway  |    Genmask    | Interface | Flags |
[   17.240690] cloud-init[1083]: ci-info: +-------+--------------+----------+---------------+-----------+-------+
[   17.243513] cloud-init[1083]: ci-info: |   0   |   0.0.0.0    | 10.0.2.2 |    0.0.0.0    |   enp0s3  |   UG  |
[   17.246888] cloud-init[1083]: ci-info: |   1   |   10.0.2.0   | 0.0.0.0  | 255.255.255.0 |   enp0s3  |   U   |
[   17.251841] cloud-init[1083]: ci-info: |   2   | 192.168.33.0 | 0.0.0.0  | 255.255.255.0 |   enp0s8  |   U   |
[   17.257450] cloud-init[1083]: ci-info: +-------+--------------+----------+---------------+-----------+-------+
[   17.259853] cloud-init[1083]: ci-info: +++++++++++++++++++Route IPv6 info+++++++++++++++++++
[   17.261649] cloud-init[1083]: ci-info: +-------+-------------+---------+-----------+-------+
[   17.268721] cloud-init[1083]: ci-info: | Route | Destination | Gateway | Interface | Flags |
[   17.270056] cloud-init[1083]: ci-info: +-------+-------------+---------+-----------+-------+
[   17.275505] cloud-init[1083]: ci-info: |   0   |  fe80::/64  |    ::   |   enp0s8  |   U   |
[   17.279786] cloud-init[1083]: ci-info: |   1   |  fe80::/64  |    ::   |   enp0s3  |   U   |
[   17.283372] cloud-init[1083]: ci-info: |   6   |   ff00::/8  |    ::   |   enp0s8  |   U   |
[   17.287597] cloud-init[1083]: ci-info: |   7   |   ff00::/8  |    ::   |   enp0s3  |   U   |
[   17.290842] cloud-init[1083]: ci-info: +-------+-------------+---------+-----------+-------+
[[0;32m  OK  [0m] Started Initial cloud-init job (metadata service crawler).
[[0;32m  OK  [0m] Reached target System Initialization.
[[0;32m  OK  [0m] Started ACPI Events Check.
[[0;32m  OK  [0m] Reached target Paths.
[[0;32m  OK  [0m] Listening on ACPID Listen Socket.
[[0;32m  OK  [0m] Started Daily Cleanup of Temporary Directories.
[[0;32m  OK  [0m] Started Message of the Day.
[[0;32m  OK  [0m] Listening on UUID daemon activation socket.
[[0;32m  OK  [0m] Started Ubuntu Advantage update messaging.
[[0;32m  OK  [0m] Started Daily apt download activities.
[[0;32m  OK  [0m] Started Daily apt upgrade and clean activities.
[[0;32m  OK  [0m] Reached target Timers.
         Starting LXD - unix socket.
         Starting Socket activation for snappy daemon.
[[0;32m  OK  [0m] Listening on D-Bus System Message Bus Socket.
[[0;32m  OK  [0m] Reached target Network is Online.
         Starting iSCSI initiator daemon (iscsid)...
[[0;32m  OK  [0m] Reached target Cloud-config availability.
[[0;32m  OK  [0m] Listening on LXD - unix socket.
[[0;32m  OK  [0m] Listening on Socket activation for snappy daemon.
[[0;32m  OK  [0m] Reached target Sockets.
[[0;32m  OK  [0m] Reached target Basic System.
[[0;32m  OK  [0m] Started D-Bus System Message Bus.
[[0;32m  OK  [0m] Started Deferred execution scheduler.
[[0;32m  OK  [0m] Started Regular background program processing daemon.
         Starting A high performance web server and a reverse proxy server...
         Starting LSB: MD monitoring daemon...
         Starting System Logging Service...
         Starting Login Service...
         Starting LXD - container startup/shutdown...
         Starting Virtualbox guest utils...
         Starting /etc/rc.local Compatibility...
[[0;32m  OK  [0m] Started FUSE filesystem for LXC.
[[0;32m  OK  [0m] Started ACPI event daemon.
         Starting Message of the Day...
         Starting OpenBSD Secure Shell server...
         Starting LSB: Record successful boot for GRUB...
         Starting Accounts Service...
         Starting Snap Daemon...
[[0;32m  OK  [0m] Started iSCSI initiator daemon (iscsid).
[[0;32m  OK  [0m] Started /etc/rc.local Compatibility.
[[0;32m  OK  [0m] Started Message of the Day.
[[0;32m  OK  [0m] Started System Logging Service.
         Starting Login to default iSCSI targets...
[[0;32m  OK  [0m] Started Login Service.
[[0;32m  OK  [0m] Started Unattended Upgrades Shutdown.
[[0;32m  OK  [0m] Started LSB: MD monitoring daemon.
[[0;32m  OK  [0m] Started LSB: Record successful boot for GRUB.
         Starting Authenticate and Authorize Users to Run Privileged Tasks...
[[0;32m  OK  [0m] Started Login to default iSCSI targets.
[[0;32m  OK  [0m] Reached target Remote File Systems (Pre).
         Mounting /vagrant...
[[0;32m  OK  [0m] Started OpenBSD Secure Shell server.
[[0;32m  OK  [0m] Started Authenticate and Authorize Users to Run Privileged Tasks.
[[0;32m  OK  [0m] Started Accounts Service.
[[0;32m  OK  [0m] Started LXD - container startup/shutdown.
[[0;1;31mFAILED[0m] Failed to mount /vagrant.
See 'systemctl status vagrant.mount' for details.
[[0;1;33mDEPEND[0m] Dependency failed for Remote File Systems.
         Starting LSB: Set the CPU Frequency Scaling governor to "ondemand"...
         Starting LSB: automatic crash report generation...
         Starting Permit User Sessions...
         Starting LSB: daemon to balance interrupts for SMP systems...
[[0;32m  OK  [0m] Started Permit User Sessions.
         Starting Terminate Plymouth Boot Screen...
         Starting Hold until boot process finishes up...
[[0;32m  OK  [0m] Started Hold until boot process finishes up.
         Starting Set console scheme...
[[0;32m  OK  [0m] Started Serial Getty on ttyS0.
[[0;32m  OK  [0m] Started Getty on tty1.
[[0;32m  OK  [0m] Reached target Login Prompts.
[[0;32m  OK  [0m] Started Terminate Plymouth Boot Screen.
[[0;32m  OK  [0m] Started Set console scheme.
[[0;32m  OK  [0m] Started A high performance web server and a reverse proxy server.
[[0;32m  OK  [0m] Started LSB: Set the CPU Frequency Scaling governor to "ondemand".
[[0;32m  OK  [0m] Started LSB: automatic crash report generation.
[[0;32m  OK  [0m] Started LSB: daemon to balance interrupts for SMP systems.
[[0;32m  OK  [0m] Created slice User Slice of vagrant.
         Starting User Manager for UID 1000...
[[0;32m  OK  [0m] Started Session 1 of user vagrant.
[[0;32m  OK  [0m] Started Virtualbox guest utils.
[[0;32m  OK  [0m] Started User Manager for UID 1000.
[[0;32m  OK  [0m] Started Snap Daemon.
         Starting Wait until snapd is fully seeded...
[[0;32m  OK  [0m] Started Wait until snapd is fully seeded.
         Starting Apply the settings specified in cloud-config...
[[0;32m  OK  [0m] Reached target Multi-User System.
[[0;32m  OK  [0m] Reached target Graphical Interface.
         Starting Update UTMP about System Runlevel Changes...
[[0;32m  OK  [0m] Started Update UTMP about System Runlevel Changes.
[   19.795793] cloud-init[1423]: Cloud-init v. 21.1-19-gbad84ad4-0ubuntu1~16.04.2 running 'modules:config' at Mon, 08 Nov 2021 01:25:27 +0000. Up 19.59 seconds.
[[0;32m  OK  [0m] Started Apply the settings specified in cloud-config.
         Starting Execute cloud user/final scripts...
[   20.921289] cloud-init[1450]: Cloud-init v. 21.1-19-gbad84ad4-0ubuntu1~16.04.2 running 'modules:final' at Mon, 08 Nov 2021 01:25:28 +0000. Up 20.62 seconds.
[   20.925895] cloud-init[1450]: Cloud-init v. 21.1-19-gbad84ad4-0ubuntu1~16.04.2 finished at Mon, 08 Nov 2021 01:25:28 +0000. Datasource DataSourceNoCloud [seed=/dev/sdb][dsmode=net].  Up 20.90 seconds
[[0;32m  OK  [0m] Started Execute cloud user/final scripts.
[[0;32m  OK  [0m] Reached target Cloud-init target.

Ubuntu 16.04.7 LTS web01 ttyS0

web01 login: [[0;32m  OK  [0m] Stopped target Timers.
[[0;32m  OK  [0m] Stopped Daily apt upgrade and clean activities.
[[0;32m  OK  [0m] Stopped Message of the Day.
         Unmounting /vagrant...
[[0;32m  OK  [0m] Stopped Daily apt download activities.
[[0;32m  OK  [0m] Stopped Ubuntu Advantage update messaging.
[[0;32m  OK  [0m] Stopped target System Time Synchronized.
         Stopping User Manager for UID 1000...
[[0;32m  OK  [0m] Closed Load/Save RF Kill Switch Status /dev/rfkill Watch.
[[0;32m  OK  [0m] Stopped target Graphical Interface.
[[0;32m  OK  [0m] Stopped Daily Cleanup of Temporary Directories.
         Stopping Authenticate and Authorize Users to Run Privileged Tasks...
[[0;32m  OK  [0m] Stopped target Cloud-init target.
[[0;32m  OK  [0m] Stopped Execute cloud user/final scripts.
[[0;32m  OK  [0m] Stopped target Multi-User System.
         Stopping D-Bus System Message Bus...
         Stopping LSB: Record successful boot for GRUB...
         Stopping LSB: automatic crash report generation...
         Stopping A high performance web server and a reverse proxy server...
         Stopping OpenBSD Secure Shell server...
         Stopping Deferred execution scheduler...
         Stopping Virtualbox guest utils...
         Stopping LSB: Set the CPU Frequency Scaling governor to "ondemand"...
         Stopping Regular background program processing daemon...
         Stopping LXD - container startup/shutdown...
[[0;32m  OK  [0m] Stopped Apply the settings specified in cloud-config.
[[0;32m  OK  [0m] Stopped Wait until snapd is fully seeded.
         Stopping Accounts Service...
         Stopping FUSE filesystem for LXC...
         Stopping LSB: daemon to balance interrupts for SMP systems...
         Stopping ACPI event daemon...
[[0;32m  OK  [0m] Stopped target Login Prompts.
         Stopping Serial Getty on ttyS0...
         Stopping Getty on tty1...
         Stopping Session 3 of user vagrant.
[[0;32m  OK  [0m] Stopped target Cloud-config availability.
         Stopping LSB: MD monitoring daemon...
         Stopping System Logging Service...
[[0;32m  OK  [0m] Unmounted /var/lib/lxcfs.
[[0;32m  OK  [0m] Stopped Deferred execution scheduler.
[[0;32m  OK  [0m] Stopped Regular background program processing daemon.
[[0;32m  OK  [0m] Stopped System Logging Service.
[[0;32m  OK  [0m] Stopped Accounts Service.
[[0;32m  OK  [0m] Stopped OpenBSD Secure Shell server.
[[0;32m  OK  [0m] Stopped Authenticate and Authorize Users to Run Privileged Tasks.
[[0;32m  OK  [0m] Stopped Serial Getty on ttyS0.
[[0;32m  OK  [0m] Stopped Getty on tty1.
[[0;32m  OK  [0m] Stopped User Manager for UID 1000.
[[0;32m  OK  [0m] Stopped ACPI event daemon.
[[0;32m  OK  [0m] Unmounted /vagrant.
[[0;32m  OK  [0m] Stopped D-Bus System Message Bus.
[[0;32m  OK  [0m] Stopped A high performance web server and a reverse proxy server.
[[0;32m  OK  [0m] Stopped Session 3 of user vagrant.
[[0;32m  OK  [0m] Stopped FUSE filesystem for LXC.
[[0;32m  OK  [0m] Stopped LXD - container startup/shutdown.
[[0;32m  OK  [0m] Stopped target Remote File Systems (Pre).
         Stopping Login to default iSCSI targets...
[[0;32m  OK  [0m] Removed slice User Slice of vagrant.
         Stopping Login Service...
[[0;32m  OK  [0m] Removed slice system-getty.slice.
         Stopping Permit User Sessions...
[[0;32m  OK  [0m] Stopped /etc/rc.local Compatibility.
[[0;32m  OK  [0m] Removed slice system-serial\x2dgetty.slice.
[[0;32m  OK  [0m] Stopped LSB: Record successful boot for GRUB.
[[0;32m  OK  [0m] Stopped LSB: automatic crash report generation.
[[0;32m  OK  [0m] Stopped LSB: Set the CPU Frequency Scaling governor to "ondemand".
[[0;32m  OK  [0m] Stopped Virtualbox guest utils.
[[0;32m  OK  [0m] Stopped LSB: daemon to balance interrupts for SMP systems.
[[0;32m  OK  [0m] Stopped LSB: MD monitoring daemon.
[[0;32m  OK  [0m] Stopped Permit User Sessions.
[[0;32m  OK  [0m] Stopped Login Service.
[[0;32m  OK  [0m] Stopped target User and Group Name Lookups.
[[0;32m  OK  [0m] Stopped target Basic System.
[[0;32m  OK  [0m] Stopped target Paths.
[[0;32m  OK  [0m] Stopped ACPI Events Check.
[[0;32m  OK  [0m] Stopped Dispatch Password Requests to Console Directory Watch.
[[0;32m  OK  [0m] Stopped Forward Password Requests to Wall Directory Watch.
[[0;32m  OK  [0m] Stopped target Slices.
[[0;32m  OK  [0m] Removed slice User and Session Slice.
[[0;32m  OK  [0m] Stopped target Sockets.
[[0;32m  OK  [0m] Closed LXD - unix socket.
[[0;32m  OK  [0m] Closed Syslog Socket.
[[0;32m  OK  [0m] Closed UUID daemon activation socket.
[[0;32m  OK  [0m] Closed D-Bus System Message Bus Socket.
[[0;32m  OK  [0m] Closed Socket activation for snappy daemon.
[[0;32m  OK  [0m] Closed ACPID Listen Socket.
[[0;32m  OK  [0m] Stopped target System Initialization.
         Stopping Load/Save Random Seed...
         Stopping Update UTMP about System Boot/Shutdown...
[[0;32m  OK  [0m] Stopped target Swap.
[[0;32m  OK  [0m] Stopped target Encrypted Volumes.
[[0;32m  OK  [0m] Stopped Load/Save Random Seed.
[[0;32m  OK  [0m] Stopped Update UTMP about System Boot/Shutdown.
[[0;32m  OK  [0m] Stopped Create Volatile Files and Directories.
[[0;32m  OK  [0m] Stopped Login to default iSCSI targets.
         Stopping iSCSI initiator daemon (iscsid)...
[[0;32m  OK  [0m] Stopped iSCSI initiator daemon (iscsid).
[[0;32m  OK  [0m] Stopped target Network is Online.
[[0;32m  OK  [0m] Stopped Initial cloud-init job (metadata service crawler).
[[0;32m  OK  [0m] Stopped target Network.
         Stopping Raise network interfaces...
[[0;32m  OK  [0m] Stopped Raise network interfaces.
[[0;32m  OK  [0m] Stopped target Local File Systems.
         Unmounting /run/user/1000...
[[0;32m  OK  [0m] Stopped Apply Kernel Variables.
[[0;32m  OK  [0m] Stopped Load Kernel Modules.
[[0;32m  OK  [0m] Stopped target Network (Pre).
[[0;32m  OK  [0m] Stopped Initial cloud-init job (pre-networking).
[[0;32m  OK  [0m] Unmounted /run/user/1000.
[[0;32m  OK  [0m] Reached target Unmount All Filesystems.
[[0;32m  OK  [0m] Stopped target Local File Systems (Pre).
[[0;32m  OK  [0m] Stopped Remount Root and Kernel File Systems.
[[0;32m  OK  [0m] Stopped Create Static Device Nodes in /dev.
[[0;32m  OK  [0m] Reached target Shutdown.
[ 4586.499695] reboot: Power down
